0 info it worked if it ends with ok
1 verbose cli [ 'C:\\Program Files\\nodejs\\node.exe',
1 verbose cli   'C:\\Program Files\\nodejs\\node_modules\\npm\\bin\\npm-cli.js',
1 verbose cli   'run',
1 verbose cli   'dist' ]
2 info using npm@3.10.10
3 info using node@v7.3.0
4 verbose run-script [ 'predist', 'dist', 'postdist' ]
5 info lifecycle ls-async@1.0.3~predist: ls-async@1.0.3
6 silly lifecycle ls-async@1.0.3~predist: no script for predist, continuing
7 info lifecycle ls-async@1.0.3~dist: ls-async@1.0.3
8 verbose lifecycle ls-async@1.0.3~dist: unsafe-perm in lifecycle true
9 verbose lifecycle ls-async@1.0.3~dist: PATH: C:\Program Files\nodejs\node_modules\npm\bin\node-gyp-bin;C:\Users\Alexandre\Documents\projects\ls-async\node_modules\.bin;C:\Program Files\Comander\bin;C:\Program Files\Comander\vendor\conemu-maximus5\ConEmu\Scripts;C:\Program Files\Comander\vendor\conemu-maximus5;C:\Program Files\Comander\vendor\conemu-maximus5\ConEmu;C:\Program Files\Ruby23\bin;C:\Program Files (x86)\Intel\iCLS Client\;C:\Program Files\Intel\iCLS Client\;C:\Windows\system32;C:\Windows;C:\Windows\System32\Wbem;C:\Windows\System32\WindowsPowerShell\v1.0\;C:\Program Files\Intel\Intel(R) Management Engine Components\DAL;C:\Program Files\Intel\Intel(R) Management Engine Components\IPT;C:\Program Files (x86)\Intel\Intel(R) Management Engine Components\DAL;C:\Program Files (x86)\Intel\Intel(R) Management Engine Components\IPT;C:\Program Files (x86)\NVIDIA Corporation\PhysX\Common;C:\Program Files\Git\cmd;C:\Program Files (x86)\Skype\Phone\;C:\ProgramData\ComposerSetup\bin;C:\Program Files\nodejs\;C:\Program Files\Ruby23\bin;C:\Program Files\Docker Toolbox;C:\Program Files\MongoDB\Server\3.2\bin;C:\Program Files\Comander;C:\Program Files\PHP;C:\Users\Alexandre\AppData\Roaming\Composer\vendor\bin;C:\Users\Alexandre\AppData\Roaming\npm;C:\Program Files\Git\usr\bin;C:\Program Files\Git\usr\share\vim\vim74;C:\Program Files\Comander\
10 verbose lifecycle ls-async@1.0.3~dist: CWD: C:\Users\Alexandre\Documents\projects\ls-async
11 silly lifecycle ls-async@1.0.3~dist: Args: [ '/d /s /c', 'run-s dist:*' ]
12 silly lifecycle ls-async@1.0.3~dist: Returned: code: 1  signal: null
13 info lifecycle ls-async@1.0.3~dist: Failed to exec dist script
14 verbose stack Error: ls-async@1.0.3 dist: `run-s dist:*`
14 verbose stack Exit status 1
14 verbose stack     at EventEmitter.<anonymous> (C:\Program Files\nodejs\node_modules\npm\lib\utils\lifecycle.js:255:16)
14 verbose stack     at emitTwo (events.js:106:13)
14 verbose stack     at EventEmitter.emit (events.js:191:7)
14 verbose stack     at ChildProcess.<anonymous> (C:\Program Files\nodejs\node_modules\npm\lib\utils\spawn.js:40:14)
14 verbose stack     at emitTwo (events.js:106:13)
14 verbose stack     at ChildProcess.emit (events.js:191:7)
14 verbose stack     at maybeClose (internal/child_process.js:885:16)
14 verbose stack     at Process.ChildProcess._handle.onexit (internal/child_process.js:226:5)
15 verbose pkgid ls-async@1.0.3
16 verbose cwd C:\Users\Alexandre\Documents\projects\ls-async
17 error Windows_NT 6.1.7601
18 error argv "C:\\Program Files\\nodejs\\node.exe" "C:\\Program Files\\nodejs\\node_modules\\npm\\bin\\npm-cli.js" "run" "dist"
19 error node v7.3.0
20 error npm  v3.10.10
21 error code ELIFECYCLE
22 error ls-async@1.0.3 dist: `run-s dist:*`
22 error Exit status 1
23 error Failed at the ls-async@1.0.3 dist script 'run-s dist:*'.
23 error Make sure you have the latest version of node.js and npm installed.
23 error If you do, this is most likely a problem with the ls-async package,
23 error not with npm itself.
23 error Tell the author that this fails on your system:
23 error     run-s dist:*
23 error You can get information on how to open an issue for this project with:
23 error     npm bugs ls-async
23 error Or if that isn't available, you can get their info via:
23 error     npm owner ls ls-async
23 error There is likely additional logging output above.
24 verbose exit [ 1, true ]
